<?xml version="1.0" encoding="UTF-8"?>
<coverage generated="1769863625819" clover="3.2.0">
  <project timestamp="1769863625819" name="All files">
    <metrics statements="40" coveredstatements="39" conditionals="13" coveredconditionals="12" methods="11" coveredmethods="11" elements="64" coveredelements="62" complexity="0" loc="40" ncloc="40" packages="1" files="1" classes="1"/>
    <file name="index.ts" path="/Users/mike/Development/ukmadlz-npm/src/index.ts">
      <metrics statements="40" coveredstatements="39" conditionals="13" coveredconditionals="12" methods="11" coveredmethods="11"/>
      <line num="5" count="1" type="stmt"/>
      <line num="76" count="14" type="stmt"/>
      <line num="80" count="11" type="stmt"/>
      <line num="81" count="10" type="stmt"/>
      <line num="83" count="10" type="stmt"/>
      <line num="84" count="10" type="cond" truecount="2" falsecount="0"/>
      <line num="88" count="14" type="stmt"/>
      <line num="97" count="27" type="stmt"/>
      <line num="99" count="14" type="stmt"/>
      <line num="103" count="9" type="stmt"/>
      <line num="104" count="7" type="stmt"/>
      <line num="106" count="6" type="stmt"/>
      <line num="107" count="9" type="stmt"/>
      <line num="109" count="6" type="stmt"/>
      <line num="113" count="10" type="stmt"/>
      <line num="114" count="8" type="stmt"/>
      <line num="116" count="7" type="stmt"/>
      <line num="118" count="12" type="cond" truecount="2" falsecount="0"/>
      <line num="119" count="12" type="stmt"/>
      <line num="122" count="7" type="stmt"/>
      <line num="126" count="9" type="stmt"/>
      <line num="127" count="7" type="stmt"/>
      <line num="129" count="6" type="stmt"/>
      <line num="130" count="9" type="stmt"/>
      <line num="132" count="6" type="stmt"/>
      <line num="136" count="7" type="stmt"/>
      <line num="151" count="13" type="stmt"/>
      <line num="153" count="13" type="cond" truecount="7" falsecount="0"/>
      <line num="157" count="3" type="stmt"/>
      <line num="158" count="3" type="stmt"/>
      <line num="160" count="2" type="stmt"/>
      <line num="161" count="1" type="stmt"/>
      <line num="163" count="2" type="stmt"/>
      <line num="164" count="1" type="stmt"/>
      <line num="166" count="2" type="stmt"/>
      <line num="167" count="1" type="stmt"/>
      <line num="169" count="4" type="stmt"/>
      <line num="170" count="3" type="stmt"/>
      <line num="174" count="1" type="cond" truecount="1" falsecount="1"/>
      <line num="175" count="0" type="stmt"/>
    </file>
  </project>
</coverage>
