{"/Users/mike/Development/ukmadlz-npm/src/index.ts": {"path":"/Users/mike/Development/ukmadlz-npm/src/index.ts","statementMap":{"0":{"start":{"line":5,"column":24},"end":{"line":5,"column":null}},"1":{"start":{"line":76,"column":31},"end":{"line":79,"column":null}},"2":{"start":{"line":80,"column":35},"end":{"line":80,"column":null}},"3":{"start":{"line":81,"column":39},"end":{"line":81,"column":null}},"4":{"start":{"line":83,"column":21},"end":{"line":83,"column":null}},"5":{"start":{"line":83,"column":38},"end":{"line":83,"column":47}},"6":{"start":{"line":84,"column":18},"end":{"line":86,"column":null}},"7":{"start":{"line":88,"column":19},"end":{"line":97,"column":null}},"8":{"start":{"line":97,"column":26},"end":{"line":97,"column":53}},"9":{"start":{"line":99,"column":2},"end":{"line":99,"column":null}},"10":{"start":{"line":103,"column":14},"end":{"line":103,"column":null}},"11":{"start":{"line":104,"column":34},"end":{"line":104,"column":null}},"12":{"start":{"line":106,"column":17},"end":{"line":108,"column":null}},"13":{"start":{"line":107,"column":16},"end":{"line":107,"column":71}},"14":{"start":{"line":109,"column":2},"end":{"line":109,"column":null}},"15":{"start":{"line":113,"column":14},"end":{"line":113,"column":null}},"16":{"start":{"line":114,"column":33},"end":{"line":114,"column":null}},"17":{"start":{"line":116,"column":17},"end":{"line":121,"column":null}},"18":{"start":{"line":118,"column":18},"end":{"line":118,"column":null}},"19":{"start":{"line":119,"column":6},"end":{"line":119,"column":null}},"20":{"start":{"line":122,"column":2},"end":{"line":122,"column":null}},"21":{"start":{"line":126,"column":14},"end":{"line":126,"column":null}},"22":{"start":{"line":127,"column":34},"end":{"line":127,"column":null}},"23":{"start":{"line":129,"column":17},"end":{"line":131,"column":null}},"24":{"start":{"line":130,"column":16},"end":{"line":130,"column":68}},"25":{"start":{"line":132,"column":2},"end":{"line":132,"column":null}},"26":{"start":{"line":136,"column":2},"end":{"line":147,"column":null}},"27":{"start":{"line":151,"column":18},"end":{"line":151,"column":null}},"28":{"start":{"line":153,"column":2},"end":{"line":171,"column":null}},"29":{"start":{"line":157,"column":6},"end":{"line":157,"column":null}},"30":{"start":{"line":158,"column":6},"end":{"line":158,"column":null}},"31":{"start":{"line":160,"column":6},"end":{"line":160,"column":null}},"32":{"start":{"line":161,"column":6},"end":{"line":161,"column":null}},"33":{"start":{"line":163,"column":6},"end":{"line":163,"column":null}},"34":{"start":{"line":164,"column":6},"end":{"line":164,"column":null}},"35":{"start":{"line":166,"column":6},"end":{"line":166,"column":null}},"36":{"start":{"line":167,"column":6},"end":{"line":167,"column":null}},"37":{"start":{"line":169,"column":6},"end":{"line":169,"column":null}},"38":{"start":{"line":170,"column":6},"end":{"line":170,"column":null}},"39":{"start":{"line":174,"column":0},"end":{"line":176,"column":null}},"40":{"start":{"line":175,"column":2},"end":{"line":175,"column":null}}},"fnMap":{"0":{"name":"showBio","decl":{"start":{"line":75,"column":22},"end":{"line":75,"column":47}},"loc":{"start":{"line":75,"column":47},"end":{"line":100,"column":null}},"line":75},"1":{"name":"(anonymous_1)","decl":{"start":{"line":83,"column":31},"end":{"line":83,"column":32}},"loc":{"start":{"line":83,"column":38},"end":{"line":83,"column":47}},"line":83},"2":{"name":"(anonymous_2)","decl":{"start":{"line":97,"column":19},"end":{"line":97,"column":20}},"loc":{"start":{"line":97,"column":26},"end":{"line":97,"column":53}},"line":97},"3":{"name":"showTalks","decl":{"start":{"line":102,"column":22},"end":{"line":102,"column":49}},"loc":{"start":{"line":102,"column":49},"end":{"line":110,"column":null}},"line":102},"4":{"name":"(anonymous_4)","decl":{"start":{"line":107,"column":9},"end":{"line":107,"column":10}},"loc":{"start":{"line":107,"column":16},"end":{"line":107,"column":71}},"line":107},"5":{"name":"showJobs","decl":{"start":{"line":112,"column":22},"end":{"line":112,"column":48}},"loc":{"start":{"line":112,"column":48},"end":{"line":123,"column":null}},"line":112},"6":{"name":"(anonymous_6)","decl":{"start":{"line":117,"column":9},"end":{"line":117,"column":10}},"loc":{"start":{"line":117,"column":16},"end":{"line":120,"column":5}},"line":117},"7":{"name":"showPosts","decl":{"start":{"line":125,"column":22},"end":{"line":125,"column":49}},"loc":{"start":{"line":125,"column":49},"end":{"line":133,"column":null}},"line":125},"8":{"name":"(anonymous_8)","decl":{"start":{"line":130,"column":9},"end":{"line":130,"column":10}},"loc":{"start":{"line":130,"column":16},"end":{"line":130,"column":68}},"line":130},"9":{"name":"showHelp","decl":{"start":{"line":135,"column":16},"end":{"line":135,"column":33}},"loc":{"start":{"line":135,"column":33},"end":{"line":148,"column":null}},"line":135},"10":{"name":"main","decl":{"start":{"line":150,"column":22},"end":{"line":150,"column":44}},"loc":{"start":{"line":150,"column":44},"end":{"line":172,"column":null}},"line":150}},"branchMap":{"0":{"loc":{"start":{"line":84,"column":18},"end":{"line":86,"column":null}},"type":"cond-expr","locations":[{"start":{"line":85,"column":6},"end":{"line":85,"column":null}},{"start":{"line":86,"column":6},"end":{"line":86,"column":null}}],"line":84},"1":{"loc":{"start":{"line":118,"column":18},"end":{"line":118,"column":null}},"type":"binary-expr","locations":[{"start":{"line":118,"column":18},"end":{"line":118,"column":32}},{"start":{"line":118,"column":32},"end":{"line":118,"column":null}}],"line":118},"2":{"loc":{"start":{"line":153,"column":2},"end":{"line":171,"column":null}},"type":"switch","locations":[{"start":{"line":154,"column":4},"end":{"line":154,"column":null}},{"start":{"line":155,"column":4},"end":{"line":155,"column":null}},{"start":{"line":156,"column":4},"end":{"line":158,"column":null}},{"start":{"line":159,"column":4},"end":{"line":161,"column":null}},{"start":{"line":162,"column":4},"end":{"line":164,"column":null}},{"start":{"line":165,"column":4},"end":{"line":167,"column":null}},{"start":{"line":168,"column":4},"end":{"line":170,"column":null}}],"line":153},"3":{"loc":{"start":{"line":174,"column":0},"end":{"line":176,"column":null}},"type":"if","locations":[{"start":{"line":174,"column":0},"end":{"line":176,"column":null}},{"start":{},"end":{}}],"line":174}},"s":{"0":1,"1":14,"2":11,"3":10,"4":10,"5":10,"6":10,"7":14,"8":27,"9":14,"10":9,"11":7,"12":6,"13":9,"14":6,"15":10,"16":8,"17":7,"18":12,"19":12,"20":7,"21":9,"22":7,"23":6,"24":9,"25":6,"26":7,"27":13,"28":13,"29":3,"30":3,"31":2,"32":1,"33":2,"34":1,"35":2,"36":1,"37":4,"38":3,"39":1,"40":0},"f":{"0":14,"1":10,"2":27,"3":9,"4":9,"5":10,"6":12,"7":9,"8":9,"9":7,"10":13},"b":{"0":[9,1],"1":[12,6],"2":[1,2,3,2,2,2,4],"3":[0,1]},"meta":{"lastBranch":4,"lastFunction":11,"lastStatement":41,"seen":{"s:5:24:5:Infinity":0,"f:75:22:75:47":0,"s:76:31:79:Infinity":1,"s:80:35:80:Infinity":2,"s:81:39:81:Infinity":3,"s:83:21:83:Infinity":4,"f:83:31:83:32":1,"s:83:38:83:47":5,"s:84:18:86:Infinity":6,"b:85:6:85:Infinity:86:6:86:Infinity":0,"s:88:19:97:Infinity":7,"f:97:19:97:20":2,"s:97:26:97:53":8,"s:99:2:99:Infinity":9,"f:102:22:102:49":3,"s:103:14:103:Infinity":10,"s:104:34:104:Infinity":11,"s:106:17:108:Infinity":12,"f:107:9:107:10":4,"s:107:16:107:71":13,"s:109:2:109:Infinity":14,"f:112:22:112:48":5,"s:113:14:113:Infinity":15,"s:114:33:114:Infinity":16,"s:116:17:121:Infinity":17,"f:117:9:117:10":6,"s:118:18:118:Infinity":18,"b:118:18:118:32:118:32:118:Infinity":1,"s:119:6:119:Infinity":19,"s:122:2:122:Infinity":20,"f:125:22:125:49":7,"s:126:14:126:Infinity":21,"s:127:34:127:Infinity":22,"s:129:17:131:Infinity":23,"f:130:9:130:10":8,"s:130:16:130:68":24,"s:132:2:132:Infinity":25,"f:135:16:135:33":9,"s:136:2:147:Infinity":26,"f:150:22:150:44":10,"s:151:18:151:Infinity":27,"b:154:4:154:Infinity:155:4:155:Infinity:156:4:158:Infinity:159:4:161:Infinity:162:4:164:Infinity:165:4:167:Infinity:168:4:170:Infinity":2,"s:153:2:171:Infinity":28,"s:157:6:157:Infinity":29,"s:158:6:158:Infinity":30,"s:160:6:160:Infinity":31,"s:161:6:161:Infinity":32,"s:163:6:163:Infinity":33,"s:164:6:164:Infinity":34,"s:166:6:166:Infinity":35,"s:167:6:167:Infinity":36,"s:169:6:169:Infinity":37,"s:170:6:170:Infinity":38,"b:174:0:176:Infinity:undefined:undefined:undefined:undefined":3,"s:174:0:176:Infinity":39,"s:175:2:175:Infinity":40}}}
}
